  Action.cpp
d:\documents\ecp\3a\osy\ia\twilight\twilight\action.cpp(49): warning C4267: 'argument' : conversion de 'size_t' en 'int', perte possible de données
  Client.cpp
d:\documents\ecp\3a\osy\ia\twilight\twilight\client.cpp(65): warning C4267: 'argument' : conversion de 'size_t' en 'int', perte possible de données
d:\documents\ecp\3a\osy\ia\twilight\twilight\client.cpp(125): warning C4267: '=' : conversion de 'size_t' en 'int16_t', perte possible de données
d:\documents\ecp\3a\osy\ia\twilight\twilight\client.cpp(196): warning C4267: 'argument' : conversion de 'size_t' en 'int', perte possible de données
  Group.cpp
  Map.cpp
  minimax.cpp
  Point.cpp
  State.cpp
d:\documents\ecp\3a\osy\ia\twilight\twilight\state.cpp(96): warning C4267: 'initialisation' : conversion de 'size_t' en 'int', perte possible de données
d:\documents\ecp\3a\osy\ia\twilight\twilight\state.cpp(96): warning C4267: 'initialisation' : conversion de 'size_t' en 'const int', perte possible de données
d:\documents\ecp\3a\osy\ia\twilight\twilight\state.cpp(102): warning C4267: '=' : conversion de 'size_t' en 'int', perte possible de données
d:\documents\ecp\3a\osy\ia\twilight\twilight\state.cpp(166): warning C4267: '=' : conversion de 'size_t' en 'int', perte possible de données
d:\documents\ecp\3a\osy\ia\twilight\twilight\state.cpp(185): warning C4267: '=' : conversion de 'size_t' en 'int', perte possible de données
d:\documents\ecp\3a\osy\ia\twilight\twilight\state.cpp(288): warning C4267: '=' : conversion de 'size_t' en 'int', perte possible de données
d:\documents\ecp\3a\osy\ia\twilight\twilight\state.cpp(308): warning C4267: '=' : conversion de 'size_t' en 'int', perte possible de données
d:\documents\ecp\3a\osy\ia\twilight\twilight\state.cpp(403): warning C4267: '=' : conversion de 'size_t' en 'int', perte possible de données
d:\documents\ecp\3a\osy\ia\twilight\twilight\state.cpp(423): warning C4267: '=' : conversion de 'size_t' en 'int', perte possible de données
d:\documents\ecp\3a\osy\ia\twilight\twilight\state.cpp(539): warning C4267: '=' : conversion de 'size_t' en 'int', perte possible de données
d:\documents\ecp\3a\osy\ia\twilight\twilight\state.cpp(560): warning C4267: '=' : conversion de 'size_t' en 'int', perte possible de données
d:\documents\ecp\3a\osy\ia\twilight\twilight\state.cpp(701): warning C4267: '=' : conversion de 'size_t' en 'int', perte possible de données
d:\documents\ecp\3a\osy\ia\twilight\twilight\state.cpp(759): warning C4267: 'initialisation' : conversion de 'size_t' en 'int', perte possible de données
d:\documents\ecp\3a\osy\ia\twilight\twilight\state.cpp(856): warning C4267: '=' : conversion de 'size_t' en 'int', perte possible de données
d:\documents\ecp\3a\osy\ia\twilight\twilight\state.cpp(864): warning C4267: '=' : conversion de 'size_t' en 'int', perte possible de données
d:\documents\ecp\3a\osy\ia\twilight\twilight\state.cpp(922): warning C4267: 'initialisation' : conversion de 'size_t' en 'int', perte possible de données
d:\documents\ecp\3a\osy\ia\twilight\twilight\state.cpp(1019): warning C4267: '=' : conversion de 'size_t' en 'int', perte possible de données
  Chrono.cpp
  Twilight.cpp
d:\documents\ecp\3a\osy\ia\twilight\twilight\twilight.cpp(52): warning C4129: 'T' : caractère de séquence d'échappement non reconnu
  utils.cpp
  Génération de code en cours...
  Twilight.vcxproj -> D:\Documents\ECP\3A\OSY\IA\Twilight\x64\Debug\Twilight.exe
