d:\documents\ecp\3a\osy\ia\twilight\twilight\x64\debug\vc141.pdb
d:\documents\ecp\3a\osy\ia\twilight\twilight\x64\debug\vc141.idb
d:\documents\ecp\3a\osy\ia\twilight\twilight\x64\debug\utils.obj
d:\documents\ecp\3a\osy\ia\twilight\twilight\x64\debug\twilight.obj
d:\documents\ecp\3a\osy\ia\twilight\twilight\x64\debug\chrono.obj
d:\documents\ecp\3a\osy\ia\twilight\twilight\x64\debug\state.obj
d:\documents\ecp\3a\osy\ia\twilight\twilight\x64\debug\point.obj
d:\documents\ecp\3a\osy\ia\twilight\twilight\x64\debug\minimax.obj
d:\documents\ecp\3a\osy\ia\twilight\twilight\x64\debug\map.obj
d:\documents\ecp\3a\osy\ia\twilight\twilight\x64\debug\group.obj
d:\documents\ecp\3a\osy\ia\twilight\twilight\x64\debug\client.obj
d:\documents\ecp\3a\osy\ia\twilight\twilight\x64\debug\action.obj
d:\documents\ecp\3a\osy\ia\twilight\x64\debug\twilight.ilk
d:\documents\ecp\3a\osy\ia\twilight\x64\debug\twilight.exe
d:\documents\ecp\3a\osy\ia\twilight\x64\debug\twilight.pdb
d:\documents\ecp\3a\osy\ia\twilight\twilight\x64\debug\twilight.tlog\cl.command.1.tlog
d:\documents\ecp\3a\osy\ia\twilight\twilight\x64\debug\twilight.tlog\cl.read.1.tlog
d:\documents\ecp\3a\osy\ia\twilight\twilight\x64\debug\twilight.tlog\cl.write.1.tlog
d:\documents\ecp\3a\osy\ia\twilight\twilight\x64\debug\twilight.tlog\link.command.1.tlog
d:\documents\ecp\3a\osy\ia\twilight\twilight\x64\debug\twilight.tlog\link.read.1.tlog
d:\documents\ecp\3a\osy\ia\twilight\twilight\x64\debug\twilight.tlog\link.write.1.tlog
